#
# A fatal error has been detected by the Java Runtime Environment:
#
#  EXCEPTION_ACCESS_VIOLATION (0xc0000005) at pc=0x0000000069248845, pid=3008, tid=3120
#
# JRE version: Java(TM) SE Runtime Environment (8.0_60-b27) (build 1.8.0_60-b27)
# Java VM: Java HotSpot(TM) 64-Bit Server VM (25.60-b23 mixed mode windows-amd64 compressed oops)
# Problematic frame:
# V  [jvm.dll+0x128845]
#
# Failed to write core dump. Minidumps are not enabled by default on client versions of Windows
#
# If you would like to submit a bug report, please visit:
#   http://bugreport.java.com/bugreport/crash.jsp
#

---------------  T H R E A D  ---------------

Current thread (0x00000000150aa800):  JavaThread "JDWP Transport Listener: dt_socket" daemon [_thread_in_vm, id=3120, stack(0x00000000164b0000,0x00000000165b0000)]

siginfo: ExceptionCode=0xc0000005, reading address 0x00003b726f727245

Registers:
RAX=0x00000000165af201, RBX=0x00000000150aa800, RCX=0x00003b726f727245, RDX=0x0000000000000000
RSP=0x00000000165af220, RBP=0x00003b726f727245, RSI=0x00000000165af338, RDI=0x0000000002b09130
R8 =0x00000000150aa800, R9 =0x0000000000008000, R10=0x0000000000000000, R11=0x00000000165af4f4
R12=0x0000000000000000, R13=0x000000001509d178, R14=0x0000000000000000, R15=0x0000000000000000
RIP=0x0000000069248845, EFLAGS=0x0000000000010202

Top of Stack: (sp=0x00000000165af220)
0x00000000165af220:   00000000150aa800 00000000150aa800
0x00000000165af230:   00000000165af2e8 000000006944e18b
0x00000000165af240:   00000000150aa800 000000006946a9ed
0x00000000165af250:   0000000000000000 0000000068f49155
0x00000000165af260:   00000000151330f8 0000000068f5291e
0x00000000165af270:   00000000150aa800 0000000000000000
0x00000000165af280:   0000000000000000 0000000000000000
0x00000000165af290:   00003b726f727245 0000000068f51a15
0x00000000165af2a0:   00000000165af338 00000000165af310
0x00000000165af2b0:   0000000000000001 00000000151330f8
0x00000000165af2c0:   00003b726f727245 0000000068f353b3
0x00000000165af2d0:   00000000165af400 0000000000000001
0x00000000165af2e0:   0000000000000001 00000000151330f8
0x00000000165af2f0:   000000000000000a 0000000000000000
0x00000000165af300:   0000000000000000 0000000000000000
0x00000000165af310:   0000000000000001 0000000068f35571 

Instructions: (pc=0x0000000069248845)
0x0000000069248825:   cc cc cc cc cc cc cc cc cc cc cc 48 83 ec 28 48
0x0000000069248835:   85 c9 75 07 33 c0 48 83 c4 28 c3 48 89 5c 24 20
0x0000000069248845:   48 8b 19 48 85 db 74 20 48 83 fb 37 74 1a 48 8b
0x0000000069248855:   13 48 8b cb ff 52 10 84 c0 74 0d 48 8b c3 48 8b 


Register to memory mapping:

RAX=0x00000000165af201 is pointing into the stack for thread: 0x00000000150aa800
RBX=0x00000000150aa800 is a thread
RCX=0x00003b726f727245 is an unknown value
RDX=0x0000000000000000 is an unknown value
RSP=0x00000000165af220 is pointing into the stack for thread: 0x00000000150aa800
RBP=0x00003b726f727245 is an unknown value
RSI=0x00000000165af338 is pointing into the stack for thread: 0x00000000150aa800
RDI=0x0000000002b09130 is an unknown value
R8 =0x00000000150aa800 is a thread
R9 =0x0000000000008000 is an unknown value
R10=0x0000000000000000 is an unknown value
R11=0x00000000165af4f4 is pointing into the stack for thread: 0x00000000150aa800
R12=0x0000000000000000 is an unknown value
R13=0x000000001509d178 is an unknown value
R14=0x0000000000000000 is an unknown value
R15=0x0000000000000000 is an unknown value


Stack: [0x00000000164b0000,0x00000000165b0000],  sp=0x00000000165af220,  free space=1020k
Native frames: (J=compiled Java code, j=interpreted, Vv=VM code, C=native code)
V  [jvm.dll+0x128845]
V  [jvm.dll+0x34a9ed]
C  [jdwp.dll+0x21a15]
C  [jdwp.dll+0x53b3]
C  [jdwp.dll+0x5571]
C  [jdwp.dll+0xf0a8]
C  [jdwp.dll+0x1f2d5]
C  [jdwp.dll+0x1f4aa]
V  [jvm.dll+0x1bb8e8]
V  [jvm.dll+0x243134]
V  [jvm.dll+0x299f6a]
C  [msvcr100.dll+0x21d9f]
C  [msvcr100.dll+0x21e3b]
C  [KERNEL32.DLL+0x13d2]
C  [ntdll.dll+0x703c4]


---------------  P R O C E S S  ---------------

Java Threads: ( => current thread )
  0x000000001512e800 JavaThread "Service Thread" daemon [_thread_blocked, id=1892, stack(0x00000000169b0000,0x0000000016ab0000)]
  0x000000001510f800 JavaThread "C1 CompilerThread1" daemon [_thread_blocked, id=5276, stack(0x00000000168b0000,0x00000000169b0000)]
  0x00000000150bd000 JavaThread "C2 CompilerThread0" daemon [_thread_blocked, id=5516, stack(0x00000000167b0000,0x00000000168b0000)]
  0x00000000150ae000 JavaThread "JDWP Command Reader" daemon [_thread_in_native, id=4804, stack(0x00000000166b0000,0x00000000167b0000)]
  0x00000000150ac000 JavaThread "JDWP Event Helper Thread" daemon [_thread_blocked, id=4744, stack(0x00000000165b0000,0x00000000166b0000)]
=>0x00000000150aa800 JavaThread "JDWP Transport Listener: dt_socket" daemon [_thread_in_vm, id=3120, stack(0x00000000164b0000,0x00000000165b0000)]
  0x0000000015098800 JavaThread "Attach Listener" daemon [_thread_blocked, id=5736, stack(0x00000000160d0000,0x00000000161d0000)]
  0x0000000015095800 JavaThread "Signal Dispatcher" daemon [_thread_blocked, id=4796, stack(0x0000000015fd0000,0x00000000160d0000)]
  0x0000000002c03800 JavaThread "Finalizer" daemon [_thread_blocked, id=1232, stack(0x0000000015ce0000,0x0000000015de0000)]
  0x0000000002bfa800 JavaThread "Reference Handler" daemon [_thread_blocked, id=6068, stack(0x0000000015be0000,0x0000000015ce0000)]
  0x0000000002b0d800 JavaThread "main" [_thread_blocked, id=5348, stack(0x0000000002990000,0x0000000002a90000)]

Other Threads:
  0x0000000015066800 VMThread [stack: 0x0000000015ae0000,0x0000000015be0000] [id=3052]
  0x0000000015135800 WatcherThread [stack: 0x0000000016ab0000,0x0000000016bb0000] [id=1344]

VM state:not at safepoint (normal execution)

VM Mutex/Monitor currently owned by a thread: None

Heap:
 PSYoungGen      total 18944K, used 1638K [0x00000000eab00000, 0x00000000ec000000, 0x0000000100000000)
  eden space 16384K, 10% used [0x00000000eab00000,0x00000000eac99a90,0x00000000ebb00000)
  from space 2560K, 0% used [0x00000000ebd80000,0x00000000ebd80000,0x00000000ec000000)
  to   space 2560K, 0% used [0x00000000ebb00000,0x00000000ebb00000,0x00000000ebd80000)
 ParOldGen       total 44032K, used 0K [0x00000000c0000000, 0x00000000c2b00000, 0x00000000eab00000)
  object space 44032K, 0% used [0x00000000c0000000,0x00000000c0000000,0x00000000c2b00000)
 Metaspace       used 3268K, capacity 4564K, committed 4864K, reserved 1056768K
  class space    used 379K, capacity 388K, committed 512K, reserved 1048576K

Card table byte_map: [0x0000000011fd0000,0x00000000121e0000] byte_map_base: 0x00000000119d0000

Marking Bits: (ParMarkBitMap*) 0x000000006992a5b0
 Begin Bits: [0x0000000012540000, 0x0000000013540000)
 End Bits:   [0x0000000013540000, 0x0000000014540000)

Polling page: 0x00000000028b0000

CodeCache: size=245760Kb used=1184Kb max_used=1184Kb free=244575Kb
 bounds [0x0000000002c10000, 0x0000000002e80000, 0x0000000011c10000]
 total_blobs=299 nmethods=67 adapters=154
 compilation: enabled

Compilation events (10 events):
Event: 0.333 Thread 0x000000001510f800   63       3       java.util.regex.Pattern::peek (26 bytes)
Event: 0.334 Thread 0x000000001510f800 nmethod 63 0x0000000002d36ed0 code [0x0000000002d37040, 0x0000000002d37308]
Event: 0.334 Thread 0x000000001510f800   64       3       java.lang.Character::isBmpCodePoint (13 bytes)
Event: 0.334 Thread 0x000000001510f800 nmethod 64 0x0000000002d37450 code [0x0000000002d375a0, 0x0000000002d37730]
Event: 0.334 Thread 0x000000001510f800   65       3       java.util.regex.Pattern::next (33 bytes)
Event: 0.334 Thread 0x000000001510f800 nmethod 65 0x0000000002d37790 code [0x0000000002d37900, 0x0000000002d37bc8]
Event: 0.334 Thread 0x000000001510f800   66       1       java.util.regex.Pattern::flags (5 bytes)
Event: 0.334 Thread 0x000000001510f800 nmethod 66 0x0000000002d37d10 code [0x0000000002d37e60, 0x0000000002d37f70]
Event: 2.935 Thread 0x000000001510f800   67       1       java.nio.Buffer::position (5 bytes)
Event: 2.935 Thread 0x000000001510f800 nmethod 67 0x0000000002d37fd0 code [0x0000000002d38120, 0x0000000002d38230]

GC Heap History (0 events):
No events

Deoptimization events (0 events):
No events

Internal exceptions (6 events):
Event: 0.038 Thread 0x0000000002b0d800 Exception <a 'java/lang/NoSuchMethodError': Method sun.misc.Unsafe.defineClass(Ljava/lang/String;[BII)Ljava/lang/Class; name or signature does not match> (0x00000000eab0d600) thrown at [C:\re\workspace\8-2-build-windows-amd64-cygwin\jdk8u60\4407\hotspot\sr%}Ú#'¨£?
Event: 0.038 Thread 0x0000000002b0d800 Exception <a 'java/lang/NoSuchMethodError': Method sun.misc.Unsafe.prefetchRead(Ljava/lang/Object;J)V name or signature does not match> (0x00000000eab0d8e8) thrown at [C:\re\workspace\8-2-build-windows-amd64-cygwin\jdk8u60\4407\hotspot\src\share\vm\prims\j{½z³å_Ô?
Event: 0.318 Thread 0x0000000002b0d800 Exception <a 'java/security/PrivilegedActionException'> (0x00000000eabde5f0) thrown at [C:\re\workspace\8-2-build-windows-amd64-cygwin\jdk8u60\4407\hotspot\src\share\vm\prims\jvm.cpp, line 1386]
Event: 0.318 Thread 0x0000000002b0d800 Exception <a 'java/security/PrivilegedActionException'> (0x00000000eabde9e8) thrown at [C:\re\workspace\8-2-build-windows-amd64-cygwin\jdk8u60\4407\hotspot\src\share\vm\prims\jvm.cpp, line 1386]
Event: 0.320 Thread 0x0000000002b0d800 Exception <a 'java/security/PrivilegedActionException'> (0x00000000eabe2778) thrown at [C:\re\workspace\8-2-build-windows-amd64-cygwin\jdk8u60\4407\hotspot\src\share\vm\prims\jvm.cpp, line 1386]
Event: 0.320 Thread 0x0000000002b0d800 Exception <a 'java/security/PrivilegedActionException'> (0x00000000eabe2b70) thrown at [C:\re\workspace\8-2-build-windows-amd64-cygwin\jdk8u60\4407\hotspot\src\share\vm\prims\jvm.cpp, line 1386]

Events (10 events):
Event: 145.477 Executing VM operation: RedefineClasses
Event: 145.477 Executing VM operation: RedefineClasses done
Event: 145.482 Executing VM operation: ChangeBreakpoints
Event: 145.482 Executing VM operation: ChangeBreakpoints done
Event: 175.086 Executing VM operation: RedefineClasses
Event: 175.086 Executing VM operation: RedefineClasses done
Event: 175.090 Executing VM operation: ChangeBreakpoints
Event: 175.090 Executing VM operation: ChangeBreakpoints done
Event: 648.204 Executing VM operation: RedefineClasses
Event: 648.204 Executing VM operation: RedefineClasses done


Dynamic libraries:
0x00007ff68a7f0000 - 0x00007ff68a827000 	C:\Program Files\Java\jre1.8.0_60\bin\javaw.exe
0x00007ffe6cd40000 - 0x00007ffe6ceec000 	C:\Windows\SYSTEM32\ntdll.dll
0x00007ffe6c650000 - 0x00007ffe6c78e000 	C:\Windows\system32\KERNEL32.DLL
0x00007ffe6a250000 - 0x00007ffe6a365000 	C:\Windows\system32\KERNELBASE.dll
0x00007ffe68a30000 - 0x00007ffe68abe000 	C:\Windows\system32\apphelp.dll
0x00007ffe55db0000 - 0x00007ffe55e03000 	C:\Windows\AppPatch\AppPatch64\AcGenral.DLL
0x00007ffe6a990000 - 0x00007ffe6aa3a000 	C:\Windows\system32\msvcrt.dll
0x00007ffe69cc0000 - 0x00007ffe69cee000 	C:\Windows\SYSTEM32\SspiCli.dll
0x00007ffe6c790000 - 0x00007ffe6c7e4000 	C:\Windows\system32\SHLWAPI.dll
0x00007ffe6c460000 - 0x00007ffe6c5d7000 	C:\Windows\system32\USER32.dll
0x00007ffe6a470000 - 0x00007ffe6a604000 	C:\Windows\system32\ole32.dll
0x00007ffe6aa40000 - 0x00007ffe6bf59000 	C:\Windows\system32\SHELL32.dll
0x00007ffe69380000 - 0x00007ffe693a1000 	C:\Windows\SYSTEM32\USERENV.dll
0x00007ffe6a3c0000 - 0x00007ffe6a46a000 	C:\Windows\system32\ADVAPI32.dll
0x00007ffe63fd0000 - 0x00007ffe63fee000 	C:\Windows\SYSTEM32\MPR.dll
0x00007ffe6a610000 - 0x00007ffe6a751000 	C:\Windows\system32\RPCRT4.dll
0x00007ffe6a760000 - 0x00007ffe6a7b9000 	C:\Windows\SYSTEM32\sechost.dll
0x00007ffe6bf60000 - 0x00007ffe6c171000 	C:\Windows\SYSTEM32\combase.dll
0x00007ffe6caa0000 - 0x00007ffe6cbf1000 	C:\Windows\system32\GDI32.dll
0x00007ffe69e90000 - 0x00007ffe69ea5000 	C:\Windows\SYSTEM32\profapi.dll
0x00007ffe68460000 - 0x00007ffe68512000 	C:\Windows\SYSTEM32\SHCORE.dll
0x00007ffe6c5e0000 - 0x00007ffe6c616000 	C:\Windows\system32\IMM32.DLL
0x00007ffe6a830000 - 0x00007ffe6a983000 	C:\Windows\system32\MSCTF.dll
0x00007ffe67b60000 - 0x00007ffe67ddb000 	C:\Windows\WinSxS\amd64_microsoft.windows.common-controls_6595b64144ccf1df_6.0.9600.17415_none_6240486fecbd8abb\COMCTL32.dll
0x0000000068f70000 - 0x0000000069042000 	C:\Program Files\Java\jre1.8.0_60\bin\msvcr100.dll
0x0000000069120000 - 0x00000000699a9000 	C:\Program Files\Java\jre1.8.0_60\bin\server\jvm.dll
0x00007ffe64630000 - 0x00007ffe64639000 	C:\Windows\SYSTEM32\WSOCK32.dll
0x00007ffe67870000 - 0x00007ffe67892000 	C:\Windows\SYSTEM32\WINMM.dll
0x00007ffe678a0000 - 0x00007ffe678aa000 	C:\Windows\SYSTEM32\VERSION.dll
0x00007ffe6c450000 - 0x00007ffe6c457000 	C:\Windows\system32\PSAPI.DLL
0x00007ffe6cc10000 - 0x00007ffe6cc6a000 	C:\Windows\system32\WS2_32.dll
0x00007ffe67800000 - 0x00007ffe6782a000 	C:\Windows\SYSTEM32\WINMMBASE.dll
0x00007ffe6c640000 - 0x00007ffe6c649000 	C:\Windows\system32\NSI.dll
0x00007ffe6a370000 - 0x00007ffe6a3bf000 	C:\Windows\SYSTEM32\cfgmgr32.dll
0x00007ffe68c80000 - 0x00007ffe68ca8000 	C:\Windows\SYSTEM32\DEVOBJ.dll
0x0000000069110000 - 0x000000006911f000 	C:\Program Files\Java\jre1.8.0_60\bin\verify.dll
0x00000000690e0000 - 0x0000000069109000 	C:\Program Files\Java\jre1.8.0_60\bin\java.dll
0x0000000068f30000 - 0x0000000068f65000 	C:\Program Files\Java\jre1.8.0_60\bin\jdwp.dll
0x0000000068f20000 - 0x0000000068f28000 	C:\Program Files\Java\jre1.8.0_60\bin\npt.dll
0x00000000690c0000 - 0x00000000690d6000 	C:\Program Files\Java\jre1.8.0_60\bin\zip.dll
0x0000000068f10000 - 0x0000000068f19000 	C:\Program Files\Java\jre1.8.0_60\bin\dt_socket.dll
0x00007ffe57750000 - 0x00007ffe57765000 	C:\Windows\system32\napinsp.dll
0x00007ffe57770000 - 0x00007ffe5778a000 	C:\Windows\system32\pnrpnsp.dll
0x00007ffe66000000 - 0x00007ffe6601b000 	C:\Windows\system32\NLAapi.dll
0x00007ffe696e0000 - 0x00007ffe69739000 	C:\Windows\System32\mswsock.dll
0x00007ffe694a0000 - 0x00007ffe69544000 	C:\Windows\SYSTEM32\DNSAPI.dll
0x00007ffe57830000 - 0x00007ffe5783d000 	C:\Windows\System32\winrnr.dll
0x00007ffe64550000 - 0x00007ffe645bb000 	C:\Windows\System32\fwpuclnt.dll
0x00007ffe66040000 - 0x00007ffe6604a000 	C:\Windows\System32\rasadhlp.dll
0x00007ffe56d50000 - 0x00007ffe56eda000 	C:\Windows\SYSTEM32\dbghelp.dll

VM Arguments:
jvm_args: -agentlib:jdwp=transport=dt_socket,suspend=y,address=localhost:6914 -Dfile.encoding=Cp1252 
java_command: SortArray
java_class_path (initial): H:\workspace\Intro-Java-Framework\bin
Launcher Type: SUN_STANDARD

Environment Variables:
PATH=C:/Program Files/Java/jre1.8.0_60/bin/server;C:/Program Files/Java/jre1.8.0_60/bin;C:/Program Files/Java/jre1.8.0_60/lib/amd64;C:\ProgramData\Oracle\Java\javapath;C:\Windows\system32;C:\Windows;C:\Windows\System32\Wbem;C:\Windows\System32\WindowsPowerShell\v1.0\;C:\Program Files (x86)\ATI Technologies\ATI.ACE\Core-Static;C:\Program Files (x86)\AMD\ATI.ACE\Core-Static;C:\Program Files (x86)\Skype\Phone\;C:\Program Files (x86)\Windows Kits\8.1\Windows Performance Toolkit\;C:\Program Files\Microsoft SQL Server\110\Tools\Binn\;C:\Program Files\Microsoft\Web Platform Installer\;C:\Program Files\Java\jdk1.8.0_60\bin;C:\Program Files\Java\jdk1.7.0_79\bin;C:\Program Files\Java\jre1.8.0_60\bin;C:\Program Files\Java\jre7\bin;H:\eclipse_mars;
USERNAME=ANIMUS
OS=Windows_NT
PROCESSOR_IDENTIFIER=AMD64 Family 16 Model 6 Stepping 3, AuthenticAMD



---------------  S Y S T E M  ---------------

OS: Windows 8.1 , 64 bit Build 9600 (6.3.9600.17415)

CPU:total 2 (2 cores per cpu, 1 threads per core) family 16 model 6 stepping 3, cmov, cx8, fxsr, mmx, sse, sse2, sse3, popcnt, mmxext, 3dnowpref, lzcnt, sse4a, tsc, tscinvbit, tscinv

Memory: 4k page, physical 4190364k(851932k free), swap 8646812k(1253884k free)

vm_info: Java HotSpot(TM) 64-Bit Server VM (25.60-b23) for windows-amd64 JRE (1.8.0_60-b27), built on Aug  4 2015 11:06:27 by "java_re" with MS VC++ 10.0 (VS2010)

time: Fri Sep 11 16:42:09 2015
elapsed time: 648 seconds (0d 0h 10m 48s)

